<?xml version="1.0" encoding="UTF-8"?>
<!-- Generated by org.testng.reporters.JUnitReportReporter -->
<testsuite skipped="0" hostname="LAPTOP-M8A6C3IF" name="com.guru.testcases.LoginTestCase1" tests="1" failures="0" timestamp="2022-01-23T20:15:21 IST" time="10.169" errors="0">
  <testcase name="login" time="10.169" classname="com.guru.testcases.LoginTestCase1"/>
  <system-out/>
</testsuite> <!-- com.guru.testcases.LoginTestCase1 -->
